<?xml version="1.0" encoding="UTF-8"?>
<!-- Generated by org.testng.reporters.JUnitReportReporter -->
<testsuite skipped="0" hostname="LAPTOP-PA1M93V0" name="TestCase.TestCase" tests="1" failures="0" timestamp="09 May 2020 12:57:28 GMT" time="111.306" errors="0">
  <testcase name="vaidations" time="111.306" classname="TestCase.TestCase"/>
</testsuite> <!-- TestCase.TestCase -->
